<?xml version="1.0" encoding="UTF-8"?>
<!-- Generated by org.testng.reporters.JUnitXMLReporter -->
<testsuite hostname="kganesan" name="Default test" tests="5" failures="0" timestamp="30 Dec 2016 06:22:32 GMT" time="0.03" errors="0">
  <testcase name="@BeforeClass setUp" time="0.0" classname="com.gk.selenium.tests.SignUpFormTest">
    <failure type="org.testng.TestNGException" message="
Parameter &amp;apos;myBrowser&amp;apos; is required by @Configuration on method setUp but has not been marked @Optional or defined
in C:\Users\prokarma\AppData\Local\Temp\testng-eclipse-423289237\testng-customsuite.xml">
      <![CDATA[org.testng.TestNGException: 
Parameter 'myBrowser' is required by @Configuration on method setUp but has not been marked @Optional or defined
in C:\Users\prokarma\AppData\Local\Temp\testng-eclipse-423289237\testng-customsuite.xml
	at org.testng.internal.Parameters.createParameters(Parameters.java:155)
	at org.testng.internal.Parameters.createParameters(Parameters.java:355)
	at org.testng.internal.Parameters.createConfigurationParameters(Parameters.java:86)
	at org.testng.internal.Invoker.invokeConfigurations(Invoker.java:199)
	at org.testng.internal.Invoker.invokeConfigurations(Invoker.java:138)
	at org.testng.internal.TestMethodWorker.invokeBeforeClassMethods(TestMethodWorker.java:175)
	at org.testng.internal.TestMethodWorker.run(TestMethodWorker.java:107)
	at org.testng.TestRunner.privateRun(TestRunner.java:767)
	at org.testng.TestRunner.run(TestRunner.java:617)
	at org.testng.SuiteRunner.runTest(SuiteRunner.java:334)
	at org.testng.SuiteRunner.runSequentially(SuiteRunner.java:329)
	at org.testng.SuiteRunner.privateRun(SuiteRunner.java:291)
	at org.testng.SuiteRunner.run(SuiteRunner.java:240)
	at org.testng.SuiteRunnerWorker.runSuite(SuiteRunnerWorker.java:52)
	at org.testng.SuiteRunnerWorker.run(SuiteRunnerWorker.java:86)
	at org.testng.TestNG.runSuitesSequentially(TestNG.java:1198)
	at org.testng.TestNG.runSuitesLocally(TestNG.java:1123)
	at org.testng.TestNG.run(TestNG.java:1031)
	at org.testng.remote.AbstractRemoteTestNG.run(AbstractRemoteTestNG.java:126)
	at org.testng.remote.RemoteTestNG.initAndRun(RemoteTestNG.java:152)
	at org.testng.remote.RemoteTestNG.main(RemoteTestNG.java:57)
]]>
    </failure>
  </testcase> <!-- @BeforeClass setUp -->
  <testcase name="@AfterClass tearDown" time="0.0" classname="com.gk.selenium.tests.SignUpFormTest">
    <skipped/>
  </testcase> <!-- @AfterClass tearDown -->
  <testcase name="signUp1" time="0.0" classname="com.gk.selenium.tests.SignUpFormTest">
    <skipped/>
  </testcase> <!-- signUp1 -->
  <testcase name="signUp2" time="0.0" classname="com.gk.selenium.tests.SignUpFormTest">
    <skipped/>
  </testcase> <!-- signUp2 -->
  <testcase name="signUp3" time="0.0" classname="com.gk.selenium.tests.SignUpFormTest">
    <skipped/>
  </testcase> <!-- signUp3 -->
  <testcase name="signUp4" time="0.0" classname="com.gk.selenium.tests.SignUpFormTest">
    <skipped/>
  </testcase> <!-- signUp4 -->
  <testcase name="signUp5" time="0.0" classname="com.gk.selenium.tests.SignUpFormTest">
    <skipped/>
  </testcase> <!-- signUp5 -->
</testsuite> <!-- Default test -->
